2019-01-01 20:47:01 - [Thread-2] на горе Фудзияма
2019-01-01 20:47:01 - [Thread-0] Слон из зоопарка
2019-01-01 20:47:01 - [Thread-1] громко и фальшиво поет
2019-01-01 20:47:01 - [Thread-3] на радость маме
2019-01-01 20:47:01 - all 4 thread finish their work
2019-01-01 20:47:01 - Слон из зоопарка громко и фальшиво поет на горе Фудзияма на радость маме
----------------------------------------------
2019-01-01 20:49:06 - [Thread-2] на пляже Рио-де-Жанейро
2019-01-01 20:49:06 - [Thread-1] вглядывается в горизонт
2019-01-01 20:49:06 - [Thread-3] назло соседу
2019-01-01 20:49:06 - [Thread-0] Девочка Маша
2019-01-01 20:49:06 - all 4 thread finish their work:
2019-01-01 20:49:07 - Девочка Маша вглядывается в горизонт на пляже Рио-де-Жанейро назло соседу
----------------------------------------------
2019-01-01 20:49:29 - [Thread-2] в собственном пентхаузе
2019-01-01 20:49:29 - [Thread-3] чтоб продвинуться по карьерной лестнице
2019-01-01 20:49:29 - [Thread-1] громко и фальшиво поет
2019-01-01 20:49:29 - [Thread-0] Сантехник Василий
2019-01-01 20:49:29 - all 4 thread finish their work:
2019-01-01 20:49:29 - Сантехник Василий громко и фальшиво поет в собственном пентхаузе чтоб продвинуться по карьерной лестнице
----------------------------------------------
2019-01-01 20:49:34 - [Thread-0] МарьИванна
2019-01-01 20:49:34 - [Thread-3] чтобы найти смысл жизни
2019-01-01 20:49:34 - [Thread-1] читает умную толстую книгу
2019-01-01 20:49:34 - [Thread-2] у синего-синего моря
2019-01-01 20:49:34 - all 4 thread finish their work:
2019-01-01 20:49:34 - МарьИванна читает умную толстую книгу у синего-синего моря чтобы найти смысл жизни
----------------------------------------------
2019-01-01 20:49:42 - [Thread-1] громко и фальшиво поет
2019-01-01 20:49:42 - [Thread-3] чтобы взглянуть на ситуацию с другой стороны
2019-01-01 20:49:42 - [Thread-2] в приемной своего шефа
2019-01-01 20:49:42 - [Thread-0] Диктор телевидения Евгений
2019-01-01 20:49:42 - all 4 thread finish their work:
2019-01-01 20:49:42 - Диктор телевидения Евгений громко и фальшиво поет в приемной своего шефа чтобы взглянуть на ситуацию с другой стороны
----------------------------------------------
2019-01-01 20:50:24 - [Thread-0] Слон из зоопарка
2019-01-01 20:50:24 - [Thread-2] у синего-синего моря
2019-01-01 20:50:24 - [Thread-1] торгует апельсинами
2019-01-01 20:50:24 - [Thread-3] потому что об этом мечталось
2019-01-01 20:50:24 - all 4 thread finish their work:
2019-01-01 20:50:24 - Слон из зоопарка торгует апельсинами у синего-синего моря потому что об этом мечталось
----------------------------------------------
2019-01-01 20:50:57 - [Thread-2] в собственном пентхаузе
2019-01-01 20:50:57 - [Thread-0] Загадочный мужчина в кепке
2019-01-01 20:50:57 - [Thread-1] громко и фальшиво поет
2019-01-01 20:50:57 - [Thread-3] на радость маме
2019-01-01 20:50:57 - all 4 thread finish their work:
2019-01-01 20:50:57 - Загадочный мужчина в кепке громко и фальшиво поет в собственном пентхаузе на радость маме
----------------------------------------------
2019-01-01 21:29:04 - [Thread-2] на развалинах часовни
2019-01-01 21:29:04 - [Thread-1] медитирует
2019-01-01 21:29:04 - [Thread-3] чтобы взглянуть на ситуацию с другой стороны
2019-01-01 21:29:04 - [Thread-0] Шумный сосед сверху
2019-01-01 21:29:04 - all 4 thread finish their work:
2019-01-01 21:29:04 - Шумный сосед сверху медитирует на развалинах часовни чтобы взглянуть на ситуацию с другой стороны 
----------------------------------------------
2019-01-01 21:29:14 - [Thread-1] поднимает штангу
2019-01-01 21:29:14 - [Thread-2] у синего-синего моря
2019-01-01 21:29:14 - [Thread-0] Загадочный мужчина в кепке
2019-01-01 21:29:14 - [Thread-3] чтобы достигнуть дзена
2019-01-01 21:29:14 - all 4 thread finish their work:
2019-01-01 21:29:14 - Загадочный мужчина в кепке поднимает штангу у синего-синего моря чтобы достигнуть дзена 
----------------------------------------------
2019-01-01 21:36:36 - [Thread-2] на полярной станции 'Академик Вернадский'
2019-01-01 21:36:36 - [Thread-3] чтоб продвинуться по карьерной лестнице
2019-01-01 21:36:36 - [Thread-1] читает умную толстую книгу
2019-01-01 21:36:36 - [Thread-0] Сосед-дебошир Гоша
2019-01-01 21:36:36 - all 4 thread finish their work:
2019-01-01 21:36:36 - Сосед-дебошир Гоша читает умную толстую книгу на полярной станции 'Академик Вернадский' чтоб продвинуться по карьерной лестнице 
----------------------------------------------
2019-01-01 21:36:44 - [Thread-3] потому что молодец
2019-01-01 21:36:44 - [Thread-2] на горе Фудзияма
2019-01-01 21:36:44 - [Thread-1] ест торт перед сном
2019-01-01 21:36:44 - [Thread-0] МарьИванна
2019-01-01 21:36:44 - all 4 thread finish their work:
2019-01-01 21:36:44 - МарьИванна ест торт перед сном на горе Фудзияма потому что молодец 
----------------------------------------------
2019-01-01 21:41:13 - [Thread-2] на курсах кройки и шитья
2019-01-01 21:41:13 - [Thread-3] чтобы победить свою лень
2019-01-01 21:41:13 - [Thread-1] сажает картошку и помидоры
2019-01-01 21:41:13 - [Thread-0] Загадочный мужчина в кепке
2019-01-01 21:41:13 - all 4 thread finish their work:
2019-01-01 21:41:13 - Загадочный мужчина в кепке сажает картошку и помидоры на курсах кройки и шитья чтобы победить свою лень 
----------------------------------------------
2019-01-01 21:41:27 - [Thread-3] чтобы расслабиться
2019-01-01 21:41:27 - [Thread-0] Депутат Иван Петрович Видпочивайло
2019-01-01 21:41:27 - [Thread-2] в собственном пентхаузе
2019-01-01 21:41:27 - [Thread-1] третирует соседей
2019-01-01 21:41:27 - all 4 thread finish their work:
2019-01-01 21:41:27 - Депутат Иван Петрович Видпочивайло третирует соседей в собственном пентхаузе чтобы расслабиться 
----------------------------------------------
2019-01-01 23:57:04 - [Thread-1] отжимается 100 раз
2019-01-01 23:57:04 - [Thread-0] Дама в норковом манто
2019-01-01 23:57:04 - [Thread-2] в приемной своего шефа
2019-01-01 23:57:04 - [Thread-3] потому что так говорил Заратустра
2019-01-01 23:57:04 - all 4 thread finish their work:
2019-01-01 23:57:04 - Дама в норковом манто отжимается 100 раз в приемной своего шефа потому что так говорил Заратустра 
----------------------------------------------
2019-01-01 23:57:11 - [Thread-1] таинственно смотрит вдаль
2019-01-01 23:57:11 - [Thread-3] чтобы найти смысл жизни
2019-01-01 23:57:11 - [Thread-0] Сантехник Василий
2019-01-01 23:57:11 - [Thread-2] на заседании больших боссов
2019-01-01 23:57:11 - all 4 thread finish their work:
2019-01-01 23:57:11 - Сантехник Василий таинственно смотрит вдаль на заседании больших боссов чтобы найти смысл жизни 
----------------------------------------------
2019-01-01 23:57:20 - [Thread-1] задумчиво сидит
2019-01-01 23:57:20 - [Thread-2] с бутылкой водки в кармане пальто
2019-01-01 23:57:20 - [Thread-3] чтобы забыться
2019-01-01 23:57:20 - [Thread-0] МарьИванна
2019-01-01 23:57:20 - all 4 thread finish their work:
2019-01-01 23:57:20 - МарьИванна задумчиво сидит с бутылкой водки в кармане пальто чтобы забыться 
----------------------------------------------
2019-01-01 23:57:31 - [Thread-1] отжимается 100 раз
2019-01-01 23:57:31 - [Thread-0] Девочка Маша
2019-01-01 23:57:31 - [Thread-2] в приемной своего шефа
2019-01-01 23:57:31 - [Thread-3] потому что хочется
2019-01-01 23:57:31 - all 4 thread finish their work:
2019-01-01 23:57:31 - Девочка Маша отжимается 100 раз в приемной своего шефа потому что хочется 
----------------------------------------------
2019-01-02 00:00:33 - [Thread-2] у синего-синего моря
2019-01-02 00:00:33 - [Thread-3] чтобы расслабиться
2019-01-02 00:00:33 - [Thread-1] громко и фальшиво поет
2019-01-02 00:00:33 - [Thread-0] Шумный сосед сверху
2019-01-02 00:00:33 - all 4 thread finish their work:
2019-01-02 00:00:33 - Шумный сосед сверху громко и фальшиво поет у синего-синего моря чтобы расслабиться 
----------------------------------------------
2019-01-02 00:04:07 - [Thread-2] с бутылкой водки в кармане пальто
2019-01-02 00:04:07 - [Thread-1] красит губы в алый цвет
2019-01-02 00:04:07 - [Thread-3] потому что так надо
2019-01-02 00:04:07 - [Thread-0] МарьИванна
2019-01-02 00:04:07 - all 4 thread finish their work:
2019-01-02 00:04:07 - МарьИванна красит губы в алый цвет с бутылкой водки в кармане пальто потому что так надо 
----------------------------------------------
2019-01-02 00:10:03 - [Thread-2] на развалинах часовни
2019-01-02 00:10:03 - [Thread-3] на радость маме
2019-01-02 00:10:03 - [Thread-1] читает умную толстую книгу
2019-01-02 00:10:03 - [Thread-0] Депутат Иван Петрович Видпочивайло
2019-01-02 00:10:03 - all 4 thread finish their work:
2019-01-02 00:10:03 - Депутат Иван Петрович Видпочивайло читает умную толстую книгу на развалинах часовни на радость маме 
----------------------------------------------
2019-01-02 00:33:52 - [pool-1-thread-3] на пляже Рио-де-Жанейро
2019-01-02 00:33:52 - [pool-1-thread-4] потому что об этом мечталось
2019-01-02 00:33:52 - [pool-1-thread-2] нервно курит
2019-01-02 00:33:52 - [pool-1-thread-1] Диктор телевидения Евгений
2019-01-02 00:33:52 - all 4 thread finish their work:
2019-01-02 00:33:52 - Диктор телевидения Евгений нервно курит на пляже Рио-де-Жанейро потому что об этом мечталось 
----------------------------------------------
2019-01-02 00:36:07 - [pool-1-thread-4] потому что хочется
2019-01-02 00:36:07 - [pool-1-thread-3] у синего-синего моря
2019-01-02 00:36:07 - [pool-1-thread-2] задумчиво сидит
2019-01-02 00:36:07 - [pool-1-thread-1] Загадочный мужчина в кепке
2019-01-02 00:36:07 - all 4 thread finish their work:
2019-01-02 00:36:07 - Загадочный мужчина в кепке задумчиво сидит у синего-синего моря потому что хочется 
----------------------------------------------
2019-01-02 17:33:31 - [pool-1-thread-3] в фойе театра оперетты
2019-01-02 17:33:31 - [pool-1-thread-4] потому что так надо
2019-01-02 17:33:31 - [pool-1-thread-1] Сантехник Василий
2019-01-02 17:33:37 - [pool-1-thread-2] сажает картошку и помидоры
2019-01-02 17:33:37 - all 4 threads finish their work:
2019-01-02 17:33:37 - Сантехник Василий сажает картошку и помидоры в фойе театра оперетты потому что так надо 
----------------------------------------------
2019-01-02 17:34:43 - [pool-1-thread-3] в собственном пентхаузе
2019-01-02 17:34:43 - [pool-1-thread-1] Диктор телевидения Евгений
2019-01-02 17:34:43 - [pool-1-thread-4] потому что хочется
2019-01-02 17:34:46 - [pool-1-thread-2] поднимает штангу
2019-01-02 17:34:46 - all 4 threads finish their work:
2019-01-02 17:34:46 - Диктор телевидения Евгений поднимает штангу в собственном пентхаузе потому что хочется 
----------------------------------------------
2019-01-02 17:35:27 - [pool-1-thread-3] на пляже Рио-де-Жанейро
2019-01-02 17:35:27 - [pool-1-thread-1] Депутат Иван Петрович Видпочивайло
2019-01-02 17:35:30 - [pool-1-thread-2] отжимается 100 раз
2019-01-02 17:35:30 - [pool-1-thread-4] чтобы забыться
2019-01-02 17:35:30 - all 4 threads finish their work:
2019-01-02 17:35:30 - Депутат Иван Петрович Видпочивайло отжимается 100 раз на пляже Рио-де-Жанейро чтобы забыться 
----------------------------------------------
2019-01-02 23:28:05 - [pool-1-thread-3] в фойе театра оперетты
2019-01-02 23:28:05 - [pool-1-thread-2] не спит по ночам
2019-01-02 23:28:05 - [pool-1-thread-4] чтобы забыться
2019-01-02 23:28:05 - [pool-1-thread-1] Сантехник Василий
2019-01-02 23:28:05 - all 4 threads finish their work:
2019-01-02 23:28:05 - Сантехник Василий не спит по ночам в фойе театра оперетты чтобы забыться 
----------------------------------------------
2019-01-02 23:28:15 - [pool-1-thread-1] Загадочный мужчина в кепке
2019-01-02 23:28:15 - [pool-1-thread-2] торгует апельсинами
2019-01-02 23:28:15 - [pool-1-thread-3] в магазине сантехники
2019-01-02 23:28:15 - [pool-1-thread-4] чтобы взглянуть на ситуацию с другой стороны
2019-01-02 23:28:15 - all 4 threads finish their work:
2019-01-02 23:28:15 - Загадочный мужчина в кепке торгует апельсинами в магазине сантехники чтобы взглянуть на ситуацию с другой стороны 
----------------------------------------------
2019-01-02 23:28:24 - [pool-1-thread-1] Сосед-дебошир Гоша
2019-01-02 23:28:24 - [pool-1-thread-2] таинственно смотрит вдаль
2019-01-02 23:28:24 - [pool-1-thread-3] в приемной своего шефа
2019-01-02 23:28:24 - [pool-1-thread-4] чтобы получить повышение
2019-01-02 23:28:24 - all 4 threads finish their work:
2019-01-02 23:28:24 - Сосед-дебошир Гоша таинственно смотрит вдаль в приемной своего шефа чтобы получить повышение 
----------------------------------------------
2019-01-02 23:28:33 - [pool-1-thread-2] вглядывается в горизонт
2019-01-02 23:28:33 - [pool-1-thread-3] на диване с рюмкой чая
2019-01-02 23:28:33 - [pool-1-thread-1] Девочка Маша
2019-01-02 23:28:33 - [pool-1-thread-4] чтобы достигнуть дзена
2019-01-02 23:28:33 - all 4 threads finish their work:
2019-01-02 23:28:33 - Девочка Маша вглядывается в горизонт на диване с рюмкой чая чтобы достигнуть дзена 
----------------------------------------------
2019-01-02 23:28:41 - [pool-1-thread-1] Кот Эдуард
2019-01-02 23:28:41 - [pool-1-thread-4] для того, чтоб быть счастливым
2019-01-02 23:28:41 - [pool-1-thread-3] в магазине сантехники
2019-01-02 23:28:41 - [pool-1-thread-2] отжимается 100 раз
2019-01-02 23:28:41 - all 4 threads finish their work:
2019-01-02 23:28:41 - Кот Эдуард отжимается 100 раз в магазине сантехники для того, чтоб быть счастливым 
----------------------------------------------
2019-01-04 18:03:01 - [pool-1-thread-3] на космической станции 'Апполон'
2019-01-04 18:03:01 - [pool-1-thread-2] вглядывается в горизонт
2019-01-04 18:03:01 - [pool-1-thread-4] чтобы достигнуть дзена
2019-01-04 18:03:01 - [pool-1-thread-1] Сантехник Василий
2019-01-04 18:03:01 - all 4 threads finish their work:
2019-01-04 18:03:01 - Сантехник Василий вглядывается в горизонт на космической станции 'Апполон' чтобы достигнуть дзена 
----------------------------------------------
2019-01-04 18:30:50 - [pool-1-thread-3] на демонстрации феминисток
2019-01-04 18:30:50 - [pool-1-thread-4] назло соседу
2019-01-04 18:30:50 - [pool-1-thread-2] красит губы в алый цвет
2019-01-04 18:30:50 - [pool-1-thread-1] Депутат Иван Петрович Видпочивайло
2019-01-04 18:30:50 - all 4 threads finish their work:
2019-01-04 18:30:50 - Депутат Иван Петрович Видпочивайло красит губы в алый цвет на демонстрации феминисток назло соседу 
----------------------------------------------
2019-01-04 18:31:06 - [pool-1-thread-2] ест ложками красную икру
2019-01-04 18:31:06 - [pool-1-thread-3] на пляже Рио-де-Жанейро
2019-01-04 18:31:06 - [pool-1-thread-4] чтобы потом плюнуть на все и улететь в Париж
2019-01-04 18:31:06 - [pool-1-thread-1] Шумный сосед сверху
2019-01-04 18:31:06 - all 4 threads finish their work:
2019-01-04 18:31:06 - Шумный сосед сверху ест ложками красную икру на пляже Рио-де-Жанейро чтобы потом плюнуть на все и улететь в Париж 
----------------------------------------------
2019-01-04 19:03:05 - [pool-1-thread-3] на станции техобслуживания
2019-01-04 19:03:05 - [pool-1-thread-4] чтобы получить повышение
2019-01-04 19:03:05 - [pool-1-thread-2] отжимается 100 раз
2019-01-04 19:03:05 - [pool-1-thread-1] МарьИванна
2019-01-04 19:03:05 - all 4 threads finish their work:
2019-01-04 19:03:05 - МарьИванна отжимается 100 раз на станции техобслуживания чтобы получить повышение 
----------------------------------------------
